<?xml version="1.0" encoding="UTF-8"?>
<testng-results skipped="0" failed="0" ignored="0" total="1" passed="1">
  <reporter-output>
  </reporter-output>
  <suite name="Surefire suite" duration-ms="114" started-at="2021-11-28T23:40:59Z" finished-at="2021-11-28T23:41:00Z">
    <groups>
    </groups>
    <test name="Surefire test" duration-ms="114" started-at="2021-11-28T23:40:59Z" finished-at="2021-11-28T23:41:00Z">
      <class name="com.xcartdemo.AppTest">
        <test-method status="PASS" signature="shouldAnswerWithTrue()" name="shouldAnswerWithTrue" duration-ms="14" started-at="2021-11-28T23:41:00Z" finished-at="2021-11-28T23:41:00Z">
          <reporter-output>
          </reporter-output>
        </test-method> <!-- shouldAnswerWithTrue -->
      </class> <!-- com.xcartdemo.AppTest -->
    </test> <!-- Surefire test -->
  </suite> <!-- Surefire suite -->
</testng-results>
